<?xml version="1.0" encoding="UTF-8"?>
<!-- Generated by org.testng.reporters.JUnitReportReporter -->
<testsuite hostname="LAPTOP-CJ63G7LO" name="AmitaTest" tests="1" failures="0" timestamp="17 May 2023 21:28:33 GMT" time="13.782" errors="0">
  <testcase name="amita" time="13.782" classname="AmitaTest"/>
</testsuite> <!-- AmitaTest -->
